[DBUG] 2020/07/08 10:10 MVC dependencies of 'controller.TestController':
[1] Static binding: '*xorm.EngineGroup' for field 'Engine *xorm.EngineGroup'
[2] Static binding: '*golog.Logger' for field 'Logger *golog.Logger'
[3] Static binding: '*util.Redis' for field 'Redis *util.Redis'

[DBUG] 2020/07/08 10:10 MVC dependencies of method 'controller.TestController.PostTest':
[1] Dynamic binding: 'context.Context' for input position: 1 and type: 'context.Context'

[DBUG] 2020/07/08 10:10 HEAD: /static/*file -> github.com/kataras/iris/core/router.StripPrefix.func1()
[DBUG] 2020/07/08 10:10 GET: /static/*file -> github.com/kataras/iris/core/router.StripPrefix.func1()
[DBUG] 2020/07/08 10:10 GET: / -> main.newApp.func1()
[DBUG] 2020/07/08 10:10 POST: /test -> controller.TestController.PostTest() and 5 more
[DBUG] 2020/07/08 10:10 Application: 1 registered view engine(s)
[DBUG] 2020/07/08 10:10 Application: running using 1 host(s)
[DBUG] 2020/07/08 10:10 Host: addr is :8009
[DBUG] 2020/07/08 10:10 Host: virtual host is localhost:8009
[DBUG] 2020/07/08 10:10 Host: register startup notifier
[DBUG] 2020/07/08 10:10 Host: register server shutdown on interrupt(CTRL+C/CMD+C)
[DBUG] 2020/07/08 10:10 Host: server will ignore the following errors: [http: Server closed]
Now listening on: http://localhost:8009
Application started. Press CTRL+C to shut down.
[DBUG] 2020/07/08 10:13 MVC dependencies of 'controller.TestController':
[1] Static binding: '*xorm.EngineGroup' for field 'Engine *xorm.EngineGroup'
[2] Static binding: '*golog.Logger' for field 'Logger *golog.Logger'
[3] Static binding: '*util.Redis' for field 'Redis *util.Redis'

[DBUG] 2020/07/08 10:13 MVC dependencies of method 'controller.TestController.PostTest':
[1] Dynamic binding: 'context.Context' for input position: 1 and type: 'context.Context'

[DBUG] 2020/07/08 10:13 HEAD: /static/*file -> github.com/kataras/iris/core/router.StripPrefix.func1()
[DBUG] 2020/07/08 10:13 GET: /static/*file -> github.com/kataras/iris/core/router.StripPrefix.func1()
[DBUG] 2020/07/08 10:13 GET: / -> main.newApp.func1()
[DBUG] 2020/07/08 10:13 POST: /test -> controller.TestController.PostTest() and 5 more
[DBUG] 2020/07/08 10:13 Application: 1 registered view engine(s)
[DBUG] 2020/07/08 10:13 Application: running using 1 host(s)
[DBUG] 2020/07/08 10:13 Host: addr is :8009
[DBUG] 2020/07/08 10:13 Host: virtual host is localhost:8009
[DBUG] 2020/07/08 10:13 Host: register startup notifier
[DBUG] 2020/07/08 10:13 Host: register server shutdown on interrupt(CTRL+C/CMD+C)
[DBUG] 2020/07/08 10:13 Host: server will ignore the following errors: [http: Server closed]
Now listening on: http://localhost:8009
Application started. Press CTRL+C to shut down.
