[DBUG] 2020/06/21 16:21 MVC dependencies of 'controller.TestController':
[1] Static binding: '*xorm.EngineGroup' for field 'Engine *xorm.EngineGroup'
[2] Static binding: '*golog.Logger' for field 'Logger *golog.Logger'
[3] Static binding: '*util.Redis' for field 'Redis *util.Redis'

[DBUG] 2020/06/21 16:21 MVC dependencies of method 'controller.TestController.PostTest':
[1] Dynamic binding: 'context.Context' for input position: 1 and type: 'context.Context'

[DBUG] 2020/06/21 16:21 HEAD: /static/*file -> github.com/kataras/iris/core/router.StripPrefix.func1()
[DBUG] 2020/06/21 16:21 GET: /static/*file -> github.com/kataras/iris/core/router.StripPrefix.func1()
[DBUG] 2020/06/21 16:21 GET: / -> main.newApp.func1()
[DBUG] 2020/06/21 16:21 POST: /test -> controller.TestController.PostTest() and 5 more
[DBUG] 2020/06/21 16:21 Application: 1 registered view engine(s)
[DBUG] 2020/06/21 16:21 Application: running using 1 host(s)
[DBUG] 2020/06/21 16:21 Host: addr is :8009
[DBUG] 2020/06/21 16:21 Host: virtual host is localhost:8009
[DBUG] 2020/06/21 16:21 Host: register startup notifier
[DBUG] 2020/06/21 16:21 Host: register server shutdown on interrupt(CTRL+C/CMD+C)
[DBUG] 2020/06/21 16:21 Host: server will ignore the following errors: [http: Server closed]
Now listening on: http://localhost:8009
Application started. Press CTRL+C to shut down.
[DBUG] 2020/06/21 16:22 MVC dependencies of 'controller.TestController':
[1] Static binding: '*xorm.EngineGroup' for field 'Engine *xorm.EngineGroup'
[2] Static binding: '*golog.Logger' for field 'Logger *golog.Logger'
[3] Static binding: '*util.Redis' for field 'Redis *util.Redis'

[DBUG] 2020/06/21 16:22 MVC dependencies of method 'controller.TestController.PostTest':
[1] Dynamic binding: 'context.Context' for input position: 1 and type: 'context.Context'

[DBUG] 2020/06/21 16:22 HEAD: /static/*file -> github.com/kataras/iris/core/router.StripPrefix.func1()
[DBUG] 2020/06/21 16:22 GET: /static/*file -> github.com/kataras/iris/core/router.StripPrefix.func1()
[DBUG] 2020/06/21 16:22 GET: / -> main.newApp.func1()
[DBUG] 2020/06/21 16:22 POST: /test -> controller.TestController.PostTest() and 5 more
[DBUG] 2020/06/21 16:22 Application: 1 registered view engine(s)
[DBUG] 2020/06/21 16:22 Application: running using 1 host(s)
[DBUG] 2020/06/21 16:22 Host: addr is :8009
[DBUG] 2020/06/21 16:22 Host: virtual host is localhost:8009
[DBUG] 2020/06/21 16:22 Host: register startup notifier
[DBUG] 2020/06/21 16:22 Host: register server shutdown on interrupt(CTRL+C/CMD+C)
[DBUG] 2020/06/21 16:22 Host: server will ignore the following errors: [http: Server closed]
Now listening on: http://localhost:8009
Application started. Press CTRL+C to shut down.
[DBUG] 2020/06/21 16:22 MVC dependencies of 'controller.TestController':
[1] Static binding: '*xorm.EngineGroup' for field 'Engine *xorm.EngineGroup'
[2] Static binding: '*golog.Logger' for field 'Logger *golog.Logger'
[3] Static binding: '*util.Redis' for field 'Redis *util.Redis'

[DBUG] 2020/06/21 16:22 MVC dependencies of method 'controller.TestController.PostTest':
[1] Dynamic binding: 'context.Context' for input position: 1 and type: 'context.Context'

[DBUG] 2020/06/21 16:22 HEAD: /static/*file -> github.com/kataras/iris/core/router.StripPrefix.func1()
[DBUG] 2020/06/21 16:22 GET: /static/*file -> github.com/kataras/iris/core/router.StripPrefix.func1()
[DBUG] 2020/06/21 16:22 GET: / -> main.newApp.func1()
[DBUG] 2020/06/21 16:22 POST: /test -> controller.TestController.PostTest() and 5 more
[DBUG] 2020/06/21 16:22 Application: 1 registered view engine(s)
[DBUG] 2020/06/21 16:22 Application: running using 1 host(s)
[DBUG] 2020/06/21 16:22 Host: addr is :8009
[DBUG] 2020/06/21 16:22 Host: virtual host is localhost:8009
[DBUG] 2020/06/21 16:22 Host: register startup notifier
[DBUG] 2020/06/21 16:22 Host: register server shutdown on interrupt(CTRL+C/CMD+C)
[DBUG] 2020/06/21 16:22 Host: server will ignore the following errors: [http: Server closed]
Now listening on: http://localhost:8009
Application started. Press CTRL+C to shut down.
[DBUG] 2020/06/21 16:24 MVC dependencies of 'controller.TestController':
[1] Static binding: '*xorm.EngineGroup' for field 'Engine *xorm.EngineGroup'
[2] Static binding: '*golog.Logger' for field 'Logger *golog.Logger'
[3] Static binding: '*util.Redis' for field 'Redis *util.Redis'

[DBUG] 2020/06/21 16:24 MVC dependencies of method 'controller.TestController.PostTest':
[1] Dynamic binding: 'context.Context' for input position: 1 and type: 'context.Context'

[DBUG] 2020/06/21 16:24 HEAD: /static/*file -> github.com/kataras/iris/core/router.StripPrefix.func1()
[DBUG] 2020/06/21 16:24 GET: /static/*file -> github.com/kataras/iris/core/router.StripPrefix.func1()
[DBUG] 2020/06/21 16:24 GET: / -> main.newApp.func1()
[DBUG] 2020/06/21 16:24 POST: /test -> controller.TestController.PostTest() and 5 more
[DBUG] 2020/06/21 16:24 Application: 1 registered view engine(s)
[DBUG] 2020/06/21 16:24 Application: running using 1 host(s)
[DBUG] 2020/06/21 16:24 Host: addr is :8009
[DBUG] 2020/06/21 16:24 Host: virtual host is localhost:8009
[DBUG] 2020/06/21 16:24 Host: register startup notifier
[DBUG] 2020/06/21 16:24 Host: register server shutdown on interrupt(CTRL+C/CMD+C)
[DBUG] 2020/06/21 16:24 Host: server will ignore the following errors: [http: Server closed]
Now listening on: http://localhost:8009
Application started. Press CTRL+C to shut down.
[DBUG] 2020/06/21 16:40 MVC dependencies of 'controller.TestController':
[1] Static binding: '*xorm.EngineGroup' for field 'Engine *xorm.EngineGroup'
[2] Static binding: '*golog.Logger' for field 'Logger *golog.Logger'
[3] Static binding: '*util.Redis' for field 'Redis *util.Redis'

[DBUG] 2020/06/21 16:40 MVC dependencies of method 'controller.TestController.PostTest':
[1] Dynamic binding: 'context.Context' for input position: 1 and type: 'context.Context'

[DBUG] 2020/06/21 16:40 HEAD: /static/*file -> github.com/kataras/iris/core/router.StripPrefix.func1()
[DBUG] 2020/06/21 16:40 GET: /static/*file -> github.com/kataras/iris/core/router.StripPrefix.func1()
[DBUG] 2020/06/21 16:40 GET: / -> main.newApp.func1()
[DBUG] 2020/06/21 16:40 POST: /test -> controller.TestController.PostTest() and 5 more
[DBUG] 2020/06/21 16:40 Application: 1 registered view engine(s)
[DBUG] 2020/06/21 16:40 Application: running using 1 host(s)
[DBUG] 2020/06/21 16:40 Host: addr is :8009
[DBUG] 2020/06/21 16:40 Host: virtual host is localhost:8009
[DBUG] 2020/06/21 16:40 Host: register startup notifier
[DBUG] 2020/06/21 16:40 Host: register server shutdown on interrupt(CTRL+C/CMD+C)
[DBUG] 2020/06/21 16:40 Host: server will ignore the following errors: [http: Server closed]
Now listening on: http://localhost:8009
Application started. Press CTRL+C to shut down.
[DBUG] 2020/06/21 19:17 MVC dependencies of 'controller.TestController':
[1] Static binding: '*xorm.EngineGroup' for field 'Engine *xorm.EngineGroup'
[2] Static binding: '*golog.Logger' for field 'Logger *golog.Logger'
[3] Static binding: '*util.Redis' for field 'Redis *util.Redis'

[DBUG] 2020/06/21 19:17 MVC dependencies of method 'controller.TestController.PostTest':
[1] Dynamic binding: 'context.Context' for input position: 1 and type: 'context.Context'

[DBUG] 2020/06/21 19:17 HEAD: /static/*file -> github.com/kataras/iris/core/router.StripPrefix.func1()
[DBUG] 2020/06/21 19:17 GET: /static/*file -> github.com/kataras/iris/core/router.StripPrefix.func1()
[DBUG] 2020/06/21 19:17 GET: / -> main.newApp.func1()
[DBUG] 2020/06/21 19:17 POST: /test -> controller.TestController.PostTest() and 5 more
[DBUG] 2020/06/21 19:17 Application: 1 registered view engine(s)
[DBUG] 2020/06/21 19:17 Application: running using 1 host(s)
[DBUG] 2020/06/21 19:17 Host: addr is :8009
[DBUG] 2020/06/21 19:17 Host: virtual host is localhost:8009
[DBUG] 2020/06/21 19:17 Host: register startup notifier
[DBUG] 2020/06/21 19:17 Host: register server shutdown on interrupt(CTRL+C/CMD+C)
[DBUG] 2020/06/21 19:17 Host: server will ignore the following errors: [http: Server closed]
Now listening on: http://localhost:8009
Application started. Press CTRL+C to shut down.
